E:\王文彬\MY PROJECT IN G3\GRAPHICSHUB\GRAPHICSHUB\DEBUG\DRAWLIB.OBJ
E:\王文彬\MY PROJECT IN G3\GRAPHICSHUB\GRAPHICSHUB\DEBUG\GENERALLIB.OBJ
E:\王文彬\MY PROJECT IN G3\GRAPHICSHUB\GRAPHICSHUB\DEBUG\EDIT_TEST_MAIN.OBJ
E:\王文彬\MY PROJECT IN G3\GRAPHICSHUB\GRAPHICSHUB\DEBUG\EDITOR.OBJ
E:\王文彬\MY PROJECT IN G3\GRAPHICSHUB\GRAPHICSHUB\DEBUG\VC110.PDB
E:\王文彬\MY PROJECT IN G3\GRAPHICSHUB\GRAPHICSHUB\DEBUG\MAIN.OBJ
E:\王文彬\MY PROJECT IN G3\GRAPHICSHUB\GRAPHICSHUB\DEBUG\COHEN_SUTHERLAND_MAIN.OBJ
E:\王文彬\MY PROJECT IN G3\GRAPHICSHUB\DEBUG\GRAPHICSHUB.ILK
E:\王文彬\MY PROJECT IN G3\GRAPHICSHUB\DEBUG\GRAPHICSHUB.EXE
E:\王文彬\MY PROJECT IN G3\GRAPHICSHUB\DEBUG\GRAPHICSHUB.PDB
E:\王文彬\my project in G3\GraphicsHUB\GraphicsHUB\Debug\cohen_sutherland_main.obj
E:\王文彬\my project in G3\GraphicsHUB\GraphicsHUB\Debug\DrawLib.obj
E:\王文彬\my project in G3\GraphicsHUB\GraphicsHUB\Debug\editor.obj
E:\王文彬\my project in G3\GraphicsHUB\GraphicsHUB\Debug\edit_test_Main.obj
E:\王文彬\my project in G3\GraphicsHUB\GraphicsHUB\Debug\GeneralLib.obj
E:\王文彬\my project in G3\GraphicsHUB\GraphicsHUB\Debug\main.obj
E:\王文彬\my project in G3\GraphicsHUB\GraphicsHUB\Debug\cl.command.1.tlog
E:\王文彬\my project in G3\GraphicsHUB\GraphicsHUB\Debug\CL.read.1.tlog
E:\王文彬\my project in G3\GraphicsHUB\GraphicsHUB\Debug\CL.write.1.tlog
E:\王文彬\my project in G3\GraphicsHUB\GraphicsHUB\Debug\link-cvtres.read.1.tlog
E:\王文彬\my project in G3\GraphicsHUB\GraphicsHUB\Debug\link-cvtres.write.1.tlog
E:\王文彬\my project in G3\GraphicsHUB\GraphicsHUB\Debug\link-rc.read.1.tlog
E:\王文彬\my project in G3\GraphicsHUB\GraphicsHUB\Debug\link-rc.write.1.tlog
E:\王文彬\my project in G3\GraphicsHUB\GraphicsHUB\Debug\link.1760-cvtres.read.1.tlog
E:\王文彬\my project in G3\GraphicsHUB\GraphicsHUB\Debug\link.1760-cvtres.write.1.tlog
E:\王文彬\my project in G3\GraphicsHUB\GraphicsHUB\Debug\link.1760-rc.read.1.tlog
E:\王文彬\my project in G3\GraphicsHUB\GraphicsHUB\Debug\link.1760-rc.write.1.tlog
E:\王文彬\my project in G3\GraphicsHUB\GraphicsHUB\Debug\link.1760.read.1.tlog
E:\王文彬\my project in G3\GraphicsHUB\GraphicsHUB\Debug\link.1760.write.1.tlog
E:\王文彬\my project in G3\GraphicsHUB\GraphicsHUB\Debug\link.4888-cvtres.read.1.tlog
E:\王文彬\my project in G3\GraphicsHUB\GraphicsHUB\Debug\link.4888-cvtres.write.1.tlog
E:\王文彬\my project in G3\GraphicsHUB\GraphicsHUB\Debug\link.4888-rc.read.1.tlog
E:\王文彬\my project in G3\GraphicsHUB\GraphicsHUB\Debug\link.4888-rc.write.1.tlog
E:\王文彬\my project in G3\GraphicsHUB\GraphicsHUB\Debug\link.4888.read.1.tlog
E:\王文彬\my project in G3\GraphicsHUB\GraphicsHUB\Debug\link.4888.write.1.tlog
E:\王文彬\my project in G3\GraphicsHUB\GraphicsHUB\Debug\link.6140-cvtres.read.1.tlog
E:\王文彬\my project in G3\GraphicsHUB\GraphicsHUB\Debug\link.6140-cvtres.write.1.tlog
E:\王文彬\my project in G3\GraphicsHUB\GraphicsHUB\Debug\link.6140-rc.read.1.tlog
E:\王文彬\my project in G3\GraphicsHUB\GraphicsHUB\Debug\link.6140-rc.write.1.tlog
E:\王文彬\my project in G3\GraphicsHUB\GraphicsHUB\Debug\link.6140.read.1.tlog
E:\王文彬\my project in G3\GraphicsHUB\GraphicsHUB\Debug\link.6140.write.1.tlog
E:\王文彬\my project in G3\GraphicsHUB\GraphicsHUB\Debug\link.7400-cvtres.read.1.tlog
E:\王文彬\my project in G3\GraphicsHUB\GraphicsHUB\Debug\link.7400-cvtres.write.1.tlog
E:\王文彬\my project in G3\GraphicsHUB\GraphicsHUB\Debug\link.7400-rc.read.1.tlog
E:\王文彬\my project in G3\GraphicsHUB\GraphicsHUB\Debug\link.7400-rc.write.1.tlog
E:\王文彬\my project in G3\GraphicsHUB\GraphicsHUB\Debug\link.7400.read.1.tlog
E:\王文彬\my project in G3\GraphicsHUB\GraphicsHUB\Debug\link.7400.write.1.tlog
E:\王文彬\my project in G3\GraphicsHUB\GraphicsHUB\Debug\link.8156-cvtres.read.1.tlog
E:\王文彬\my project in G3\GraphicsHUB\GraphicsHUB\Debug\link.8156-cvtres.write.1.tlog
E:\王文彬\my project in G3\GraphicsHUB\GraphicsHUB\Debug\link.8156-rc.read.1.tlog
E:\王文彬\my project in G3\GraphicsHUB\GraphicsHUB\Debug\link.8156-rc.write.1.tlog
E:\王文彬\my project in G3\GraphicsHUB\GraphicsHUB\Debug\link.8156.read.1.tlog
E:\王文彬\my project in G3\GraphicsHUB\GraphicsHUB\Debug\link.8156.write.1.tlog
E:\王文彬\my project in G3\GraphicsHUB\GraphicsHUB\Debug\link.8184-cvtres.read.1.tlog
E:\王文彬\my project in G3\GraphicsHUB\GraphicsHUB\Debug\link.8184-cvtres.write.1.tlog
E:\王文彬\my project in G3\GraphicsHUB\GraphicsHUB\Debug\link.8184-rc.read.1.tlog
E:\王文彬\my project in G3\GraphicsHUB\GraphicsHUB\Debug\link.8184-rc.write.1.tlog
E:\王文彬\my project in G3\GraphicsHUB\GraphicsHUB\Debug\link.8184.read.1.tlog
E:\王文彬\my project in G3\GraphicsHUB\GraphicsHUB\Debug\link.8184.write.1.tlog
E:\王文彬\my project in G3\GraphicsHUB\GraphicsHUB\Debug\link.9640-cvtres.read.1.tlog
E:\王文彬\my project in G3\GraphicsHUB\GraphicsHUB\Debug\link.9640-cvtres.write.1.tlog
E:\王文彬\my project in G3\GraphicsHUB\GraphicsHUB\Debug\link.9640-rc.read.1.tlog
E:\王文彬\my project in G3\GraphicsHUB\GraphicsHUB\Debug\link.9640-rc.write.1.tlog
E:\王文彬\my project in G3\GraphicsHUB\GraphicsHUB\Debug\link.9640.read.1.tlog
E:\王文彬\my project in G3\GraphicsHUB\GraphicsHUB\Debug\link.9640.write.1.tlog
E:\王文彬\my project in G3\GraphicsHUB\GraphicsHUB\Debug\link.command.1.tlog
E:\王文彬\my project in G3\GraphicsHUB\GraphicsHUB\Debug\link.read.1.tlog
E:\王文彬\my project in G3\GraphicsHUB\GraphicsHUB\Debug\link.write.1.tlog
E:\王文彬\my project in G3\GraphicsHUB\GraphicsHUB\Debug\vc110.idb
E:\王文彬\my project in G3\GraphicsHUB\GraphicsHUB\Debug\vc110.pdb
E:\王文彬\my project in G3\GraphicsHUB\Debug\GraphicsHUB.pdb
E:\王文彬\my project in G3\GraphicsHUB\Debug\GraphicsHUB.exe
E:\王文彬\my project in G3\GraphicsHUB\Debug\GraphicsHUB.ilk
